<?xml version="1.0" encoding="UTF-8" standalone="no"?>
<testsuite failures="0" name="cucumber.runtime.formatter.JUnitFormatter" skipped="1" tests="1" time="0">
<testcase classname="Free CRM Login Feature" name="Free CRM Login Test Scenario" time="0">
<skipped><![CDATA[Given user is already on Login Page.........................................undefined
Then user enters username and password......................................undefined
Then user clicks on login button............................................undefined
Then Close the browser......................................................undefined
]]></skipped>
</testcase>
</testsuite>
